  pch.cpp
  CLoginDlg.cpp
D:\植物大战僵尸杂交版v2.1\德州扑克\德州扑克\运行.h(8,9): warning C4067: 预处理器指令后有意外标记 - 应输入换行符
  (编译源文件“/CLoginDlg.cpp”)
  
  德州扑克.cpp
D:\植物大战僵尸杂交版v2.1\德州扑克\德州扑克\运行.h(8,9): warning C4067: 预处理器指令后有意外标记 - 应输入换行符
  (编译源文件“/德州扑克.cpp”)
  
  德州扑克Dlg.cpp
D:\植物大战僵尸杂交版v2.1\德州扑克\德州扑克\运行.h(8,9): warning C4067: 预处理器指令后有意外标记 - 应输入换行符
  (编译源文件“/德州扑克Dlg.cpp”)
  
D:\植物大战僵尸杂交版v2.1\德州扑克\德州扑克\德州扑克Dlg.cpp(273,20): warning C4018: “<”: 有符号/无符号不匹配
  (编译源文件“/德州扑克Dlg.cpp”)
  
  牌类.cpp
  玩家.cpp
  运行.cpp
D:\植物大战僵尸杂交版v2.1\德州扑克\德州扑克\运行.cpp(6,9): warning C4067: 预处理器指令后有意外标记 - 应输入换行符
  (编译源文件“/运行.cpp”)
  
D:\植物大战僵尸杂交版v2.1\德州扑克\德州扑克\运行.cpp(115,13): warning C4002: 类函数宏的调用“max”参数过多
  (编译源文件“/运行.cpp”)
  
D:\植物大战僵尸杂交版v2.1\德州扑克\德州扑克\运行.cpp(122,18): warning C4002: 类函数宏的调用“max”参数过多
  (编译源文件“/运行.cpp”)
  
D:\植物大战僵尸杂交版v2.1\德州扑克\德州扑克\运行.cpp(129,18): warning C4002: 类函数宏的调用“max”参数过多
  (编译源文件“/运行.cpp”)
  
D:\植物大战僵尸杂交版v2.1\德州扑克\德州扑克\运行.cpp(136,19): warning C4002: 类函数宏的调用“max”参数过多
  (编译源文件“/运行.cpp”)
  
D:\植物大战僵尸杂交版v2.1\德州扑克\德州扑克\运行.cpp(149,23): warning C4018: “<=”: 有符号/无符号不匹配
  (编译源文件“/运行.cpp”)
  
D:\植物大战僵尸杂交版v2.1\德州扑克\德州扑克\运行.cpp(292,9): warning C4002: 类函数宏的调用“max”参数过多
  (编译源文件“/运行.cpp”)
  
D:\植物大战僵尸杂交版v2.1\德州扑克\德州扑克\运行.cpp(299,14): warning C4002: 类函数宏的调用“max”参数过多
  (编译源文件“/运行.cpp”)
  
D:\植物大战僵尸杂交版v2.1\德州扑克\德州扑克\运行.cpp(306,14): warning C4002: 类函数宏的调用“max”参数过多
  (编译源文件“/运行.cpp”)
  
D:\植物大战僵尸杂交版v2.1\德州扑克\德州扑克\运行.cpp(313,15): warning C4002: 类函数宏的调用“max”参数过多
  (编译源文件“/运行.cpp”)
  
D:\植物大战僵尸杂交版v2.1\德州扑克\德州扑克\运行.cpp(328,16): warning C4305: “return”: 从“int”到“bool”截断
  (编译源文件“/运行.cpp”)
  
D:\植物大战僵尸杂交版v2.1\德州扑克\德州扑克\运行.cpp(393,9): warning C4002: 类函数宏的调用“max”参数过多
  (编译源文件“/运行.cpp”)
  
D:\植物大战僵尸杂交版v2.1\德州扑克\德州扑克\运行.cpp(400,14): warning C4002: 类函数宏的调用“max”参数过多
  (编译源文件“/运行.cpp”)
  
D:\植物大战僵尸杂交版v2.1\德州扑克\德州扑克\运行.cpp(407,14): warning C4002: 类函数宏的调用“max”参数过多
  (编译源文件“/运行.cpp”)
  
D:\植物大战僵尸杂交版v2.1\德州扑克\德州扑克\运行.cpp(414,15): warning C4002: 类函数宏的调用“max”参数过多
  (编译源文件“/运行.cpp”)
  
  正在生成代码...
D:\植物大战僵尸杂交版v2.1\德州扑克\德州扑克\运行.cpp(271,1): warning C4715: “findmaxStraight”: 不是所有的控件路径都返回值
D:\植物大战僵尸杂交版v2.1\德州扑克\德州扑克\运行.cpp(330,1): warning C4715: “findmaxStraightflash”: 不是所有的控件路径都返回值
D:\植物大战僵尸杂交版v2.1\德州扑克\德州扑克\运行.cpp(353,1): warning C4715: “findmaxFourOfAKind”: 不是所有的控件路径都返回值
  德州扑克.vcxproj -> D:\植物大战僵尸杂交版v2.1\德州扑克\Debug\德州扑克.exe
