d:\植物大战僵尸杂交版v2.1\德州扑克\德州扑克\x64\debug\德州扑克.pch
d:\植物大战僵尸杂交版v2.1\德州扑克\德州扑克\x64\debug\vc143.pdb
d:\植物大战僵尸杂交版v2.1\德州扑克\德州扑克\x64\debug\vc143.idb
d:\植物大战僵尸杂交版v2.1\德州扑克\德州扑克\x64\debug\pch.obj
d:\植物大战僵尸杂交版v2.1\德州扑克\德州扑克\x64\debug\运行.obj
d:\植物大战僵尸杂交版v2.1\德州扑克\德州扑克\x64\debug\德州扑克dlg.obj
d:\植物大战僵尸杂交版v2.1\德州扑克\德州扑克\x64\debug\德州扑克.obj
d:\植物大战僵尸杂交版v2.1\德州扑克\德州扑克\x64\debug\clogindlg.obj
d:\植物大战僵尸杂交版v2.1\德州扑克\德州扑克\x64\debug\玩家.obj
d:\植物大战僵尸杂交版v2.1\德州扑克\x64\debug\德州扑克.exe
d:\植物大战僵尸杂交版v2.1\德州扑克\x64\debug\德州扑克.pdb
d:\植物大战僵尸杂交版v2.1\德州扑克\德州扑克\x64\debug\my.res
d:\植物大战僵尸杂交版v2.1\德州扑克\德州扑克\x64\debug\德州扑克.ilk
d:\植物大战僵尸杂交版v2.1\德州扑克\德州扑克\x64\debug\牌类.obj
d:\植物大战僵尸杂交版v2.1\德州扑克\德州扑克\x64\debug\德州扑克dlg.obj.enc
d:\植物大战僵尸杂交版v2.1\德州扑克\德州扑克\x64\debug\德州扑克.tlog\cl.command.1.tlog
d:\植物大战僵尸杂交版v2.1\德州扑克\德州扑克\x64\debug\德州扑克.tlog\cl.items.tlog
d:\植物大战僵尸杂交版v2.1\德州扑克\德州扑克\x64\debug\德州扑克.tlog\cl.read.1.tlog
d:\植物大战僵尸杂交版v2.1\德州扑克\德州扑克\x64\debug\德州扑克.tlog\cl.write.1.tlog
d:\植物大战僵尸杂交版v2.1\德州扑克\德州扑克\x64\debug\德州扑克.tlog\link.command.1.tlog
d:\植物大战僵尸杂交版v2.1\德州扑克\德州扑克\x64\debug\德州扑克.tlog\link.read.1.tlog
d:\植物大战僵尸杂交版v2.1\德州扑克\德州扑克\x64\debug\德州扑克.tlog\link.secondary.1.tlog
d:\植物大战僵尸杂交版v2.1\德州扑克\德州扑克\x64\debug\德州扑克.tlog\link.write.1.tlog
d:\植物大战僵尸杂交版v2.1\德州扑克\德州扑克\x64\debug\德州扑克.tlog\rc.command.1.tlog
d:\植物大战僵尸杂交版v2.1\德州扑克\德州扑克\x64\debug\德州扑克.tlog\rc.read.1.tlog
d:\植物大战僵尸杂交版v2.1\德州扑克\德州扑克\x64\debug\德州扑克.tlog\rc.write.1.tlog
